<?xml version="1.0" encoding="UTF-8"?>
<!-- Generated by org.testng.reporters.JUnitReportReporter -->
<testsuite skipped="0" hostname="DESKTOP-43TNQQ9" name="testcases.LoginApplication" tests="1" failures="0" timestamp="13 Jun 2019 17:07:07 GMT" time="79.195" errors="0">
  <testcase name="Login" time="79.195" classname="testcases.LoginApplication"/>
</testsuite> <!-- testcases.LoginApplication -->
